Determining if the pthread_create exist failed with the following output:
Change Dir: /home/iclab/Documents/classification_ws/catkin_workspace/build/catkin_tools_prebuild/CMakeFiles/CMakeTmp

Run Build Command:"/usr/bin/make" "cmTC_e0c3e/fast"
/usr/bin/make -f CMakeFiles/cmTC_e0c3e.dir/build.make CMakeFiles/cmTC_e0c3e.dir/build
make[1]: Entering directory '/home/iclab/Documents/classification_ws/catkin_workspace/build/catkin_tools_prebuild/CMakeFiles/CMakeTmp'
Building C object CMakeFiles/cmTC_e0c3e.dir/CheckSymbolExists.c.o
/usr/bin/cc    -o CMakeFiles/cmTC_e0c3e.dir/CheckSymbolExists.c.o   -c /home/iclab/Documents/classification_ws/catkin_workspace/build/catkin_tools_prebuild/CMakeFiles/CMakeTmp/CheckSymbolExists.c
Linking C executable cmTC_e0c3e
/usr/local/bin/cmake -E cmake_link_script CMakeFiles/cmTC_e0c3e.dir/link.txt --verbose=1
/usr/bin/cc      -rdynamic CMakeFiles/cmTC_e0c3e.dir/CheckSymbolExists.c.o  -o cmTC_e0c3e 
CMakeFiles/cmTC_e0c3e.dir/CheckSymbolExists.c.o: In function `main':
CheckSymbolExists.c:(.text+0x1b): undefined reference to `pthread_create'
collect2: error: ld returned 1 exit status
CMakeFiles/cmTC_e0c3e.dir/build.make:86: recipe for target 'cmTC_e0c3e' failed
make[1]: *** [cmTC_e0c3e] Error 1
make[1]: Leaving directory '/home/iclab/Documents/classification_ws/catkin_workspace/build/catkin_tools_prebuild/CMakeFiles/CMakeTmp'
Makefile:121: recipe for target 'cmTC_e0c3e/fast' failed
make: *** [cmTC_e0c3e/fast] Error 2

File /home/iclab/Documents/classification_ws/catkin_workspace/build/catkin_tools_prebuild/CMakeFiles/CMakeTmp/CheckSymbolExists.c:
/* */
#include <pthread.h>

int main(int argc, char** argv)
{
  (void)argv;
#ifndef pthread_create
  return ((int*)(&pthread_create))[argc];
#else
  (void)argc;
  return 0;
#endif
}

Determining if the function pthread_create exists in the pthreads failed with the following output:
Change Dir: /home/iclab/Documents/classification_ws/catkin_workspace/build/catkin_tools_prebuild/CMakeFiles/CMakeTmp

Run Build Command:"/usr/bin/make" "cmTC_13329/fast"
/usr/bin/make -f CMakeFiles/cmTC_13329.dir/build.make CMakeFiles/cmTC_13329.dir/build
make[1]: Entering directory '/home/iclab/Documents/classification_ws/catkin_workspace/build/catkin_tools_prebuild/CMakeFiles/CMakeTmp'
Building C object CMakeFiles/cmTC_13329.dir/CheckFunctionExists.c.o
/usr/bin/cc   -DCHECK_FUNCTION_EXISTS=pthread_create   -o CMakeFiles/cmTC_13329.dir/CheckFunctionExists.c.o   -c /usr/local/share/cmake-3.12/Modules/CheckFunctionExists.c
Linking C executable cmTC_13329
/usr/local/bin/cmake -E cmake_link_script CMakeFiles/cmTC_13329.dir/link.txt --verbose=1
/usr/bin/cc  -DCHECK_FUNCTION_EXISTS=pthread_create    -rdynamic CMakeFiles/cmTC_13329.dir/CheckFunctionExists.c.o  -o cmTC_13329 -lpthreads 
/usr/bin/ld: cannot find -lpthreads
collect2: error: ld returned 1 exit status
CMakeFiles/cmTC_13329.dir/build.make:86: recipe for target 'cmTC_13329' failed
make[1]: *** [cmTC_13329] Error 1
make[1]: Leaving directory '/home/iclab/Documents/classification_ws/catkin_workspace/build/catkin_tools_prebuild/CMakeFiles/CMakeTmp'
Makefile:121: recipe for target 'cmTC_13329/fast' failed
make: *** [cmTC_13329/fast] Error 2


